2025-10-18 10:09:50,391 - INFO - utils.common_crawler:
Started Crawling from Regular Crawler at 2025-10-18 10:09:50.391886

2025-10-18 10:09:53,837 - INFO - utils.common_crawler:
Added New Book:
In a Dark, Dark Wood, URL: https://books.toscrape.com/catalogue/in-a-dark-dark-wood_963/index.html

2025-10-18 10:09:54,254 - INFO - utils.common_crawler:
Added New Book:
Behind Closed Doors, URL: https://books.toscrape.com/catalogue/behind-closed-doors_962/index.html

2025-10-18 10:09:54,671 - INFO - utils.common_crawler:
Added New Book:
You can't bury them all: Poems, URL: https://books.toscrape.com/catalogue/you-cant-bury-them-all-poems_961/index.html

2025-10-18 10:09:56,685 - INFO - utils.common_crawler:
Added New Book:
Slow States of Collapse: Poems, URL: https://books.toscrape.com/catalogue/slow-states-of-collapse-poems_960/index.html

2025-10-18 10:09:57,122 - INFO - utils.common_crawler:
Added New Book:
Reasons to Stay Alive, URL: https://books.toscrape.com/catalogue/reasons-to-stay-alive_959/index.html

2025-10-18 10:09:57,568 - INFO - utils.common_crawler:
Added New Book:
Private Paris (Private #10), URL: https://books.toscrape.com/catalogue/private-paris-private-10_958/index.html

2025-10-18 10:09:57,942 - INFO - utils.common_crawler:
Added New Book:
#HigherSelfie: Wake Up Your Life. Free Your Soul. Find Your Tribe., URL: https://books.toscrape.com/catalogue/higherselfie-wake-up-your-life-free-your-soul-find-your-tribe_957/index.html

2025-10-18 10:09:58,352 - INFO - utils.common_crawler:
Added New Book:
Without Borders (Wanderlove #1), URL: https://books.toscrape.com/catalogue/without-borders-wanderlove-1_956/index.html

2025-10-18 10:09:58,772 - INFO - utils.common_crawler:
Added New Book:
When We Collided, URL: https://books.toscrape.com/catalogue/when-we-collided_955/index.html

2025-10-18 10:09:59,184 - INFO - utils.common_crawler:
Added New Book:
We Love You, Charlie Freeman, URL: https://books.toscrape.com/catalogue/we-love-you-charlie-freeman_954/index.html

2025-10-18 10:09:59,585 - INFO - utils.common_crawler:
Added New Book:
Untitled Collection: Sabbath Poems 2014, URL: https://books.toscrape.com/catalogue/untitled-collection-sabbath-poems-2014_953/index.html

2025-10-18 10:10:00,105 - INFO - utils.common_crawler:
Added New Book:
Unseen City: The Majesty of Pigeons, the Discreet Charm of Snails & Other Wonders of the Urban Wilderness, URL: https://books.toscrape.com/catalogue/unseen-city-the-majesty-of-pigeons-the-discreet-charm-of-snails-other-wonders-of-the-urban-wilderness_952/index.html

2025-10-18 10:10:00,603 - INFO - utils.common_crawler:
Added New Book:
Unicorn Tracks, URL: https://books.toscrape.com/catalogue/unicorn-tracks_951/index.html

2025-10-18 10:10:00,938 - INFO - utils.common_crawler:
Added New Book:
Unbound: How Eight Technologies Made Us Human, Transformed Society, and Brought Our World to the Brink, URL: https://books.toscrape.com/catalogue/unbound-how-eight-technologies-made-us-human-transformed-society-and-brought-our-world-to-the-brink_950/index.html

2025-10-18 10:10:01,412 - INFO - utils.common_crawler:
Added New Book:
Tsubasa: WoRLD CHRoNiCLE 2 (Tsubasa WoRLD CHRoNiCLE #2), URL: https://books.toscrape.com/catalogue/tsubasa-world-chronicle-2-tsubasa-world-chronicle-2_949/index.html

