2025-10-18 10:36:00,566 - INFO - utils.common_crawler:
Started Crawling from Scheduler Crawler at 2025-10-18 10:36:00.566120

2025-10-18 10:36:27,384 - INFO - utils.common_crawler:
Added New Book:
Thirst, URL: https://books.toscrape.com/catalogue/thirst_946/index.html

2025-10-18 10:36:27,709 - INFO - utils.common_crawler:
Added New Book:
The Torch Is Passed: A Harding Family Story, URL: https://books.toscrape.com/catalogue/the-torch-is-passed-a-harding-family-story_945/index.html

2025-10-18 10:36:28,038 - INFO - utils.common_crawler:
Added New Book:
The Secret of Dreadwillow Carse, URL: https://books.toscrape.com/catalogue/the-secret-of-dreadwillow-carse_944/index.html

2025-10-18 10:36:28,365 - INFO - utils.common_crawler:
Added New Book:
The Pioneer Woman Cooks: Dinnertime: Comfort Classics, Freezer Food, 16-Minute Meals, and Other Delicious Ways to Solve Supper!, URL: https://books.toscrape.com/catalogue/the-pioneer-woman-cooks-dinnertime-comfort-classics-freezer-food-16-minute-meals-and-other-delicious-ways-to-solve-supper_943/index.html

2025-10-18 10:36:28,719 - INFO - utils.common_crawler:
Added New Book:
The Past Never Ends, URL: https://books.toscrape.com/catalogue/the-past-never-ends_942/index.html

2025-10-18 10:36:29,045 - INFO - utils.common_crawler:
Added New Book:
The Natural History of Us (The Fine Art of Pretending #2), URL: https://books.toscrape.com/catalogue/the-natural-history-of-us-the-fine-art-of-pretending-2_941/index.html

2025-10-18 10:36:29,842 - INFO - utils.common_crawler:
Added New Book:
The Nameless City (The Nameless City #1), URL: https://books.toscrape.com/catalogue/the-nameless-city-the-nameless-city-1_940/index.html

2025-10-18 10:36:30,255 - INFO - utils.common_crawler:
Added New Book:
The Murder That Never Was (Forensic Instincts #5), URL: https://books.toscrape.com/catalogue/the-murder-that-never-was-forensic-instincts-5_939/index.html

2025-10-18 10:36:30,664 - INFO - utils.common_crawler:
Added New Book:
The Most Perfect Thing: Inside (and Outside) a Bird's Egg, URL: https://books.toscrape.com/catalogue/the-most-perfect-thing-inside-and-outside-a-birds-egg_938/index.html

2025-10-18 10:36:30,992 - INFO - utils.common_crawler:
Added New Book:
The Mindfulness and Acceptance Workbook for Anxiety: A Guide to Breaking Free from Anxiety, Phobias, and Worry Using Acceptance and Commitment Therapy, URL: https://books.toscrape.com/catalogue/the-mindfulness-and-acceptance-workbook-for-anxiety-a-guide-to-breaking-free-from-anxiety-phobias-and-worry-using-acceptance-and-commitment-therapy_937/index.html

2025-10-18 10:36:31,323 - INFO - utils.common_crawler:
Added New Book:
The Life-Changing Magic of Tidying Up: The Japanese Art of Decluttering and Organizing, URL: https://books.toscrape.com/catalogue/the-life-changing-magic-of-tidying-up-the-japanese-art-of-decluttering-and-organizing_936/index.html

2025-10-18 10:36:31,656 - INFO - utils.common_crawler:
Added New Book:
The Inefficiency Assassin: Time Management Tactics for Working Smarter, Not Longer, URL: https://books.toscrape.com/catalogue/the-inefficiency-assassin-time-management-tactics-for-working-smarter-not-longer_935/index.html

2025-10-18 10:36:31,982 - INFO - utils.common_crawler:
Added New Book:
The Gutsy Girl: Escapades for Your Life of Epic Adventure, URL: https://books.toscrape.com/catalogue/the-gutsy-girl-escapades-for-your-life-of-epic-adventure_934/index.html

2025-10-18 10:36:32,310 - INFO - utils.common_crawler:
Added New Book:
The Electric Pencil: Drawings from Inside State Hospital No. 3, URL: https://books.toscrape.com/catalogue/the-electric-pencil-drawings-from-inside-state-hospital-no-3_933/index.html

2025-10-18 10:36:32,640 - INFO - utils.common_crawler:
Added New Book:
The Death of Humanity: and the Case for Life, URL: https://books.toscrape.com/catalogue/the-death-of-humanity-and-the-case-for-life_932/index.html

2025-10-18 10:36:33,025 - INFO - utils.common_crawler:
Added New Book:
The Bulletproof Diet: Lose up to a Pound a Day, Reclaim Energy and Focus, Upgrade Your Life, URL: https://books.toscrape.com/catalogue/the-bulletproof-diet-lose-up-to-a-pound-a-day-reclaim-energy-and-focus-upgrade-your-life_931/index.html

2025-10-18 10:36:33,522 - INFO - utils.common_crawler:
Added New Book:
The Art Forger, URL: https://books.toscrape.com/catalogue/the-art-forger_930/index.html

2025-10-18 10:36:33,856 - INFO - utils.common_crawler:
Added New Book:
The Age of Genius: The Seventeenth Century and the Birth of the Modern Mind, URL: https://books.toscrape.com/catalogue/the-age-of-genius-the-seventeenth-century-and-the-birth-of-the-modern-mind_929/index.html

2025-10-18 10:36:34,273 - INFO - utils.common_crawler:
Added New Book:
The Activist's Tao Te Ching: Ancient Advice for a Modern Revolution, URL: https://books.toscrape.com/catalogue/the-activists-tao-te-ching-ancient-advice-for-a-modern-revolution_928/index.html

2025-10-18 10:36:34,691 - INFO - utils.common_crawler:
Added New Book:
Spark Joy: An Illustrated Master Class on the Art of Organizing and Tidying Up, URL: https://books.toscrape.com/catalogue/spark-joy-an-illustrated-master-class-on-the-art-of-organizing-and-tidying-up_927/index.html

2025-10-18 10:36:35,189 - INFO - utils.common_crawler:
Added New Book:
Soul Reader, URL: https://books.toscrape.com/catalogue/soul-reader_926/index.html

2025-10-18 10:36:35,593 - INFO - utils.common_crawler:
Added New Book:
Security, URL: https://books.toscrape.com/catalogue/security_925/index.html

2025-10-18 10:36:36,100 - INFO - utils.common_crawler:
Added New Book:
Saga, Volume 6 (Saga (Collected Editions) #6), URL: https://books.toscrape.com/catalogue/saga-volume-6-saga-collected-editions-6_924/index.html

2025-10-18 10:36:36,696 - INFO - utils.common_crawler:
Added New Book:
Saga, Volume 5 (Saga (Collected Editions) #5), URL: https://books.toscrape.com/catalogue/saga-volume-5-saga-collected-editions-5_923/index.html

2025-10-18 10:36:37,126 - INFO - utils.common_crawler:
Added New Book:
Reskilling America: Learning to Labor in the Twenty-First Century, URL: https://books.toscrape.com/catalogue/reskilling-america-learning-to-labor-in-the-twenty-first-century_922/index.html

2025-10-18 10:36:37,541 - INFO - utils.common_crawler:
Added New Book:
Rat Queens, Vol. 3: Demons (Rat Queens (Collected Editions) #11-15), URL: https://books.toscrape.com/catalogue/rat-queens-vol-3-demons-rat-queens-collected-editions-11-15_921/index.html

2025-10-18 10:36:38,345 - INFO - utils.common_crawler:
Added New Book:
Princess Jellyfish 2-in-1 Omnibus, Vol. 01 (Princess Jellyfish 2-in-1 Omnibus #1), URL: https://books.toscrape.com/catalogue/princess-jellyfish-2-in-1-omnibus-vol-01-princess-jellyfish-2-in-1-omnibus-1_920/index.html

2025-10-18 10:36:38,849 - INFO - utils.common_crawler:
Added New Book:
Princess Between Worlds (Wide-Awake Princess #5), URL: https://books.toscrape.com/catalogue/princess-between-worlds-wide-awake-princess-5_919/index.html

2025-10-18 10:36:39,277 - INFO - utils.common_crawler:
Added New Book:
Pop Gun War, Volume 1: Gift, URL: https://books.toscrape.com/catalogue/pop-gun-war-volume-1-gift_918/index.html

