2025-10-20 14:42:34,803 - INFO - utils.common_crawler:
Started Crawling from Scheduler Crawler at 2025-10-20 14:42:34.802897

2025-10-20 14:42:34,808 - INFO - utils.common_crawler:
Completed Crawling from Scheduler Crawler at 2025-10-20 14:42:34.808259

2025-10-20 14:42:34,808 - INFO - utils.common_crawler:
Generating Daily Change Report for 20-10-2025

2025-10-20 14:42:34,814 - INFO - utils.common_crawler:
Daily Change Report Generation for 20-10-2025 Complete

2025-10-20 14:43:08,877 - INFO - utils.common_crawler:
Started Crawling from Scheduler Crawler at 2025-10-20 14:43:08.877352

2025-10-20 14:43:08,882 - INFO - utils.common_crawler:
Completed Crawling from Scheduler Crawler at 2025-10-20 14:43:08.882224

2025-10-20 14:43:08,883 - INFO - utils.common_crawler:
Generating Daily Change Report for 20-10-2025

2025-10-20 14:43:08,884 - INFO - utils.common_crawler:
Daily Change Report Generation for 20-10-2025 Complete

2025-10-20 14:43:26,252 - INFO - utils.common_crawler:
Started Crawling from Scheduler Crawler at 2025-10-20 14:43:26.252339

2025-10-20 14:43:26,257 - INFO - utils.common_crawler:
Completed Crawling from Scheduler Crawler at 2025-10-20 14:43:26.256887

2025-10-20 14:43:26,257 - INFO - utils.common_crawler:
Generating Daily Change Report for 20-10-2025

2025-10-20 14:43:26,258 - INFO - utils.common_crawler:
Daily Change Report Generation for 20-10-2025 Complete

2025-10-20 14:43:55,624 - INFO - utils.common_crawler:
Started Crawling from Scheduler Crawler at 2025-10-20 14:43:55.624482

2025-10-20 14:43:55,629 - INFO - utils.common_crawler:
Completed Crawling from Scheduler Crawler at 2025-10-20 14:43:55.628890

2025-10-20 14:43:55,629 - INFO - utils.common_crawler:
Generating Daily Change Report for 20-10-2025

2025-10-20 14:43:55,631 - INFO - utils.common_crawler:
Daily Change Report Generation for 20-10-2025 Complete

2025-10-20 14:44:20,570 - INFO - utils.common_crawler:
Started Crawling from Scheduler Crawler at 2025-10-20 14:44:20.569871

2025-10-20 14:44:20,574 - INFO - utils.common_crawler:
Completed Crawling from Scheduler Crawler at 2025-10-20 14:44:20.574346

2025-10-20 14:44:20,574 - INFO - utils.common_crawler:
Generating Daily Change Report for 20-10-2025

2025-10-20 14:44:41,569 - INFO - utils.common_crawler:
Started Crawling from Scheduler Crawler at 2025-10-20 14:44:41.569384

2025-10-20 14:44:41,573 - INFO - utils.common_crawler:
Completed Crawling from Scheduler Crawler at 2025-10-20 14:44:41.573736

2025-10-20 14:44:41,574 - INFO - utils.common_crawler:
Generating Daily Change Report for 20-10-2025

2025-10-20 14:44:57,473 - INFO - utils.common_crawler:
Started Crawling from Scheduler Crawler at 2025-10-20 14:44:57.473603

2025-10-20 14:44:57,478 - INFO - utils.common_crawler:
Completed Crawling from Scheduler Crawler at 2025-10-20 14:44:57.477966

2025-10-20 14:44:57,478 - INFO - utils.common_crawler:
Generating Daily Change Report for 20-10-2025

2025-10-20 14:45:20,316 - INFO - utils.common_crawler:
Started Crawling from Scheduler Crawler at 2025-10-20 14:45:20.316316

2025-10-20 14:45:20,320 - INFO - utils.common_crawler:
Completed Crawling from Scheduler Crawler at 2025-10-20 14:45:20.320526

2025-10-20 14:45:20,321 - INFO - utils.common_crawler:
Generating Daily Change Report for 20-10-2025

2025-10-20 14:45:58,878 - INFO - utils.common_crawler:
Started Crawling from Scheduler Crawler at 2025-10-20 14:45:58.878552

2025-10-20 14:45:58,884 - INFO - utils.common_crawler:
Completed Crawling from Scheduler Crawler at 2025-10-20 14:45:58.883777

2025-10-20 14:45:58,884 - INFO - utils.common_crawler:
Generating Daily Change Report for 20-10-2025

2025-10-20 14:45:58,892 - INFO - utils.common_crawler:
Daily Change Report Generation for 20-10-2025 Complete

2025-10-20 14:46:18,463 - INFO - utils.common_crawler:
Started Crawling from Scheduler Crawler at 2025-10-20 14:46:18.463289

2025-10-20 14:46:18,468 - INFO - utils.common_crawler:
Completed Crawling from Scheduler Crawler at 2025-10-20 14:46:18.467934

2025-10-20 14:46:18,468 - INFO - utils.common_crawler:
Generating Daily Change Report for 20-10-2025

2025-10-20 14:46:18,481 - INFO - utils.common_crawler:
Daily Change Report Generation for 20-10-2025 Complete

2025-10-20 14:46:28,384 - INFO - utils.common_crawler:
Started Crawling from Scheduler Crawler at 2025-10-20 14:46:28.384083

2025-10-20 14:46:28,389 - INFO - utils.common_crawler:
Completed Crawling from Scheduler Crawler at 2025-10-20 14:46:28.388635

2025-10-20 14:46:28,389 - INFO - utils.common_crawler:
Generating Daily Change Report for 20-10-2025

2025-10-20 14:46:28,401 - INFO - utils.common_crawler:
Daily Change Report Generation for 20-10-2025 Complete

2025-10-20 14:46:39,674 - INFO - utils.common_crawler:
Started Crawling from Scheduler Crawler at 2025-10-20 14:46:39.674521

2025-10-20 14:46:39,680 - INFO - utils.common_crawler:
Completed Crawling from Scheduler Crawler at 2025-10-20 14:46:39.679901

2025-10-20 14:46:39,680 - INFO - utils.common_crawler:
Generating Daily Change Report for 20-10-2025

2025-10-20 14:46:39,688 - INFO - utils.common_crawler:
Daily Change Report Generation for 20-10-2025 Complete

